#
# A fatal error has been detected by the Java Runtime Environment:
#
#  SIGSEGV (0xb) at pc=0x000000012dfe7ea8, pid=15690, tid=6659
#
# JRE version: Java(TM) SE Runtime Environment (9.0+11) (build 9.0.1+11)
# Java VM: Java HotSpot(TM) 64-Bit Server VM (9.0.1+11, mixed mode, tiered, compressed oops, g1 gc, bsd-amd64)
# Problematic frame:
# C  [libtesseract.dylib+0x12ea8]  _ZN9tesseract9Tesseract15recog_all_wordsEP8PAGE_RESP10ETEXT_DESCPK4TBOXPKci+0xaa
#
# No core dump will be written. Core dumps have been disabled. To enable core dumping, try "ulimit -c unlimited" before starting Java again
#
# If you would like to submit a bug report, please visit:
#   http://bugreport.java.com/bugreport/crash.jsp
# The crash happened outside the Java Virtual Machine in native code.
# See problematic frame for where to report the bug.
#

---------------  S U M M A R Y ------------

Command Line: -Djava.library.path=/Users/guohaifang/Documents/jar/Tess4J/lib/win32-x86:/Users/guohaifang/Documents/jar/Tess4J/lib/win32-x86-64 -javaagent:/Applications/IntelliJ IDEA.app/Contents/lib/idea_rt.jar=57824:/Applications/IntelliJ IDEA.app/Contents/bin -Dfile.encoding=UTF-8 Main

Host: MacBookPro14,2 x86_64 3100 MHz, 4 cores, 8G, Darwin 17.5.0
Time: Sun Jun 17 15:01:36 2018 CST elapsed time: 6 seconds (0d 0h 0m 6s)

---------------  T H R E A D  ---------------

Current thread (0x00007fd792801800):  JavaThread "main" [_thread_in_native, id=6659, stack(0x00007000087dd000,0x00007000088dd000)]

Stack: [0x00007000087dd000,0x00007000088dd000],  sp=0x00007000088db650,  free space=1017k
Native frames: (J=compiled Java code, A=aot compiled Java code, j=interpreted, Vv=VM code, C=native code)
C  [libtesseract.dylib+0x12ea8]  _ZN9tesseract9Tesseract15recog_all_wordsEP8PAGE_RESP10ETEXT_DESCPK4TBOXPKci+0xaa
C  [libtesseract.dylib+0x45e0]  _ZN9tesseract11TessBaseAPI9RecognizeEP10ETEXT_DESC+0x2fc
C  [libtesseract.dylib+0x329a]  _ZN9tesseract11TessBaseAPI11GetUTF8TextEv+0x30
C  [jna6198896882498813626.tmp+0xd94c]  ffi_call_unix64+0x4c
C  0x00007000088dc300

Java frames: (J=compiled Java code, j=interpreted, Vv=VM code)
j  com.sun.jna.Native.invokePointer(JI[Ljava/lang/Object;)J+0
j  com.sun.jna.Function.invokePointer(I[Ljava/lang/Object;)Lcom/sun/jna/Pointer;+6
j  com.sun.jna.Function.invoke([Ljava/lang/Object;Ljava/lang/Class;Z)Ljava/lang/Object;+426
j  com.sun.jna.Function.invoke(Ljava/lang/Class;[Ljava/lang/Object;Ljava/util/Map;)Ljava/lang/Object;+262
j  com.sun.jna.Library$Handler.invoke(Ljava/lang/Object;Ljava/lang/reflect/Method;[Ljava/lang/Object;)Ljava/lang/Object;+316
j  com.sun.proxy.$Proxy1.TessBaseAPIGetUTF8Text(Lnet/sourceforge/tess4j/ITessAPI$TessBaseAPI;)Lcom/sun/jna/Pointer;+16
j  net.sourceforge.tess4j.Tesseract.getOCRText(Ljava/lang/String;I)Ljava/lang/String;+62
j  net.sourceforge.tess4j.Tesseract.doOCR(Ljava/util/List;Ljava/lang/String;Ljava/awt/Rectangle;)Ljava/lang/String;+69
j  net.sourceforge.tess4j.Tesseract.doOCR(Ljava/io/File;Ljava/awt/Rectangle;)Ljava/lang/String;+10
j  net.sourceforge.tess4j.Tesseract.doOCR(Ljava/io/File;)Ljava/lang/String;+3
j  LoginSimulate.loginDouban()V+48
j  Main.main([Ljava/lang/String;)V+0
v  ~StubRoutines::call_stub

siginfo: si_signo: 11 (SIGSEGV), si_code: 1 (SEGV_MAPERR), si_addr: 0x000000000000000c

Register to memory mapping:

RAX=0x0000000000000000 is an unknown value
RBX=0x0000000000000000 is an unknown value
RCX=0x0000000000000000 is an unknown value
RDX=0x00007fd792558800 is an unknown value
RSP=0x00007000088db650 is pointing into the stack for thread: 0x00007fd792801800
RBP=0x00007000088db7c0 is pointing into the stack for thread: 0x00007fd792801800
RSI=0x0000000000000001 is an unknown value
RDI=0x00007000088db6c0 is pointing into the stack for thread: 0x00007fd792801800
R8 =0x0000000000000000 is an unknown value
R9 =0x0000000000000000 is an unknown value
R10=0x00000000fff00000 is an unknown value
R11=0x00007fd792500000 is an unknown value
R12=0x0000000000000000 is an unknown value
R13=0x0000000000000000 is an unknown value
R14=0x00007fd7925587a0 is an unknown value
R15=0x00007fd792a5ea00 is an unknown value


Registers:
RAX=0x0000000000000000, RBX=0x0000000000000000, RCX=0x0000000000000000, RDX=0x00007fd792558800
RSP=0x00007000088db650, RBP=0x00007000088db7c0, RSI=0x0000000000000001, RDI=0x00007000088db6c0
R8 =0x0000000000000000, R9 =0x0000000000000000, R10=0x00000000fff00000, R11=0x00007fd792500000
R12=0x0000000000000000, R13=0x0000000000000000, R14=0x00007fd7925587a0, R15=0x00007fd792a5ea00
RIP=0x000000012dfe7ea8, EFLAGS=0x0000000000010246, ERR=0x0000000000000004
  TRAPNO=0x000000000000000e

Top of Stack: (sp=0x00007000088db650)
0x00007000088db650:   0000000000000000 00007fd7925587a0
0x00007000088db660:   0000000000000000 0000000000000000
0x00007000088db670:   0000000000000000 00007fd792558f90
0x00007000088db680:   00007fd792558830 00007fd792558800
0x00007000088db690:   0000000000000000 0000000000000000
0x00007000088db6a0:   0000000000000000 00007fd7925587a8
0x00007000088db6b0:   00007fd792558800 00007fd792558800
0x00007000088db6c0:   00007fd792558800 00007fd792550000
0x00007000088db6d0:   00007fd792558800 00007fd792558901
0x00007000088db6e0:   00007fd792558828 00007fd792558830
0x00007000088db6f0:   00007fd792558830 00007fd792558830
0x00007000088db700:   00007fd792550000 00007fd792558830
0x00007000088db710:   0000000000000001 00007fd792558850
0x00007000088db720:   00007fd792558f90 00007fd792558f90
0x00007000088db730:   00007fd792558f90 00007fd792550000
0x00007000088db740:   00007fd792558f90 000000012dfd7901
0x00007000088db750:   00007fd79482c2e0 000000012e1771ec
0x00007000088db760:   00007fd792a5ebf8 00007fd79246c440
0x00007000088db770:   00007fd7925587a0 00007fd792a5ea00
0x00007000088db780:   0000000000000000 0000000000000000
0x00007000088db790:   00000000088db7c0 00007000088db801
0x00007000088db7a0:   00007fd7925587a0 00007fd792a5ea00
0x00007000088db7b0:   00000000ffffffff 00007fd79246c440
0x00007000088db7c0:   00007000088db830 000000012dfd95e0
0x00007000088db7d0:   00007fd79246c440 0000000109be9a00
0x00007000088db7e0:   0000000109be6000 0000000000000000
0x00007000088db7f0:   0000000009be6000 0000000740478aa8
0x00007000088db800:   0100000000000000 00007fd79246c440
0x00007000088db810:   0000000000000008 0000000000000001
0x00007000088db820:   0000000000000000 00007000088db9b0
0x00007000088db830:   00007000088db870 000000012dfd829a
0x00007000088db840:   00007000088db8a0 000000012cd1aba8 

Instructions: (pc=0x000000012dfe7ea8)
0x000000012dfe7e88:   e8 69 b6 10 00 41 83 bf c0 16 00 00 00 7e 0a 4c
0x000000012dfe7e98:   89 ff e8 bb fe 0b 00 eb 15 49 8b 87 10 0b 00 00
0x000000012dfe7ea8:   80 78 0c 00 74 08 4c 89 ff e8 18 ff 0b 00 41 83
0x000000012dfe7eb8:   bf 40 4c 00 00 00 7e 3e 31 db 49 8b 87 48 4c 00 


---------------  P R O C E S S  ---------------

Java Threads: ( => current thread )
  0x00007fd7939ed000 JavaThread "Java2D Disposer" daemon [_thread_blocked, id=3083, stack(0x0000700008654000,0x0000700008754000)]
  0x00007fd7938fa000 JavaThread "Service Thread" daemon [_thread_blocked, id=23811, stack(0x0000700009e1f000,0x0000700009f1f000)]
  0x00007fd7938f9000 JavaThread "Monitor Ctrl-Break" daemon [_thread_in_native, id=23555, stack(0x0000700009d1c000,0x0000700009e1c000)]
  0x00007fd79400d800 JavaThread "Common-Cleaner" daemon [_thread_blocked, id=23043, stack(0x0000700009c19000,0x0000700009d19000)]
  0x00007fd793817800 JavaThread "Sweeper thread" daemon [_thread_blocked, id=42755, stack(0x0000700009b16000,0x0000700009c16000)]
  0x00007fd793816800 JavaThread "C1 CompilerThread2" daemon [_thread_blocked, id=22531, stack(0x0000700009a13000,0x0000700009b13000)]
  0x00007fd79281f000 JavaThread "C2 CompilerThread1" daemon [_thread_blocked, id=22275, stack(0x0000700009910000,0x0000700009a10000)]
  0x00007fd793815800 JavaThread "C2 CompilerThread0" daemon [_thread_blocked, id=43267, stack(0x000070000980d000,0x000070000990d000)]
  0x00007fd79400b000 JavaThread "Signal Dispatcher" daemon [_thread_blocked, id=16135, stack(0x000070000970a000,0x000070000980a000)]
  0x00007fd794010000 JavaThread "Finalizer" daemon [_thread_blocked, id=16899, stack(0x0000700009607000,0x0000700009707000)]
  0x00007fd792818800 JavaThread "Reference Handler" daemon [_thread_blocked, id=13315, stack(0x0000700009504000,0x0000700009604000)]
=>0x00007fd792801800 JavaThread "main" [_thread_in_native, id=6659, stack(0x00007000087dd000,0x00007000088dd000)]

Other Threads:
  0x00007fd793800800 VMThread "VM Thread" [stack: 0x0000700009401000,0x0000700009501000] [id=17411]
  0x00007fd793147000 WatcherThread [stack: 0x0000700009f22000,0x000070000a022000] [id=24067]
  0x00007fd79301d800 GCTaskThread "GC Thread#0" [stack: 0x00007000088e0000,0x00007000089e0000] [id=21507]
  0x00007fd79301e000 GCTaskThread "GC Thread#1" [stack: 0x00007000089e3000,0x0000700008ae3000] [id=20995]
  0x00007fd79301e800 GCTaskThread "GC Thread#2" [stack: 0x0000700008ae6000,0x0000700008be6000] [id=11267]
  0x00007fd79301f800 GCTaskThread "GC Thread#3" [stack: 0x0000700008be9000,0x0000700008ce9000] [id=20483]
  0x00007fd793035800 ConcurrentGCThread "G1 Main Marker" [stack: 0x00007000091fb000,0x00007000092fb000] [id=18691]
  0x00007fd793036800 ConcurrentGCThread "G1 Marker#0" [stack: 0x00007000092fe000,0x00007000093fe000] [id=17923]
  0x00007fd79380a000 ConcurrentGCThread "G1 Refine#0" [stack: 0x0000700008ff5000,0x00007000090f5000] [id=19203]
  0x00007fd792803000 ConcurrentGCThread "G1 Refine#1" [stack: 0x0000700008ef2000,0x0000700008ff2000] [id=12035]
  0x00007fd792802800 ConcurrentGCThread "G1 Refine#2" [stack: 0x0000700008def000,0x0000700008eef000] [id=11779]
  0x00007fd793020000 ConcurrentGCThread "G1 Refine#3" [stack: 0x0000700008cec000,0x0000700008dec000] [id=19971]
  0x00007fd793020800 ConcurrentGCThread "G1 Young RemSet Sampling" [stack: 0x00007000090f8000,0x00007000091f8000] [id=18947]

Threads with active compile tasks:

VM state:not at safepoint (normal execution)

VM Mutex/Monitor currently owned by a thread: None

Heap address: 0x0000000740000000, size: 2048 MB, Compressed Oops mode: Zero based, Oop shift amount: 3
Narrow klass base: 0x0000000000000000, Narrow klass shift: 3
Compressed class space size: 1073741824 Address: 0x00000007c0000000

Heap:
 garbage-first heap   total 131072K, used 32187K [0x0000000740000000, 0x0000000740100400, 0x00000007c0000000)
  region size 1024K, 27 young (27648K), 2 survivors (2048K)
 Metaspace       used 19619K, capacity 20114K, committed 20480K, reserved 1067008K
  class space    used 2098K, capacity 2227K, committed 2304K, reserved 1048576K
Heap Regions: E=young(eden), S=young(survivor), O=old, HS=humongous(starts), HC=humongous(continues), CS=collection set, F=free, A=archive, TS=gc time stamp, AC=allocation context, TAMS=top-at-mark-start (previous, next)
|   0|0x0000000740000000, 0x0000000740100000, 0x0000000740100000|100%|HS|  |TS  0|AC  0|TAMS 0x0000000740000000, 0x0000000740000000|
|   1|0x0000000740100000, 0x0000000740200000, 0x0000000740200000|100%|HC|  |TS  0|AC  0|TAMS 0x0000000740100000, 0x0000000740100000|
|   2|0x0000000740200000, 0x0000000740300000, 0x0000000740300000|100%| O|  |TS  1|AC  0|TAMS 0x0000000740200000, 0x0000000740200000|
|   3|0x0000000740300000, 0x0000000740400000, 0x0000000740400000|100%| O|  |TS  1|AC  0|TAMS 0x0000000740300000, 0x0000000740300000|
|   4|0x0000000740400000, 0x0000000740500000, 0x0000000740500000|100%| O|  |TS  3|AC  0|TAMS 0x0000000740400000, 0x0000000740400000|
|   5|0x0000000740500000, 0x0000000740600000, 0x0000000740600000|100%| O|  |TS  3|AC  0|TAMS 0x0000000740500000, 0x0000000740500000|
|   6|0x0000000740600000, 0x000000074061d600, 0x0000000740700000| 11%| O|  |TS  3|AC  0|TAMS 0x0000000740600000, 0x0000000740600000|
|   7|0x0000000740700000, 0x0000000740700000, 0x0000000740800000|  0%| F|  |TS  0|AC  0|TAMS 0x0000000740700000, 0x0000000740700000|
|   8|0x0000000740800000, 0x0000000740800000, 0x0000000740900000|  0%| F|  |TS  0|AC  0|TAMS 0x0000000740800000, 0x0000000740800000|
|   9|0x0000000740900000, 0x0000000740900000, 0x0000000740a00000|  0%| F|  |TS  0|AC  0|TAMS 0x0000000740900000, 0x0000000740900000|
|  10|0x0000000740a00000, 0x0000000740a00000, 0x0000000740b00000|  0%| F|  |TS  0|AC  0|TAMS 0x0000000740a00000, 0x0000000740a00000|
|  11|0x0000000740b00000, 0x0000000740b00000, 0x0000000740c00000|  0%| F|  |TS  0|AC  0|TAMS 0x0000000740b00000, 0x0000000740b00000|
|  12|0x0000000740c00000, 0x0000000740c00000, 0x0000000740d00000|  0%| F|  |TS  0|AC  0|TAMS 0x0000000740c00000, 0x0000000740c00000|
|  13|0x0000000740d00000, 0x0000000740d00000, 0x0000000740e00000|  0%| F|  |TS  0|AC  0|TAMS 0x0000000740d00000, 0x0000000740d00000|
|  14|0x0000000740e00000, 0x0000000740e00000, 0x0000000740f00000|  0%| F|  |TS  0|AC  0|TAMS 0x0000000740e00000, 0x0000000740e00000|
|  15|0x0000000740f00000, 0x0000000740f00000, 0x0000000741000000|  0%| F|  |TS  0|AC  0|TAMS 0x0000000740f00000, 0x0000000740f00000|
|  16|0x0000000741000000, 0x0000000741000000, 0x0000000741100000|  0%| F|  |TS  0|AC  0|TAMS 0x0000000741000000, 0x0000000741000000|
|  17|0x0000000741100000, 0x0000000741100000, 0x0000000741200000|  0%| F|  |TS  0|AC  0|TAMS 0x0000000741100000, 0x0000000741100000|
|  18|0x0000000741200000, 0x0000000741200000, 0x0000000741300000|  0%| F|  |TS  0|AC  0|TAMS 0x0000000741200000, 0x0000000741200000|
|  19|0x0000000741300000, 0x0000000741300000, 0x0000000741400000|  0%| F|  |TS  0|AC  0|TAMS 0x0000000741300000, 0x0000000741300000|
|  20|0x0000000741400000, 0x0000000741400000, 0x0000000741500000|  0%| F|  |TS  0|AC  0|TAMS 0x0000000741400000, 0x0000000741400000|
|  21|0x0000000741500000, 0x0000000741500000, 0x0000000741600000|  0%| F|  |TS  0|AC  0|TAMS 0x0000000741500000, 0x0000000741500000|
|  22|0x0000000741600000, 0x0000000741600000, 0x0000000741700000|  0%| F|  |TS  0|AC  0|TAMS 0x0000000741600000, 0x0000000741600000|
|  23|0x0000000741700000, 0x0000000741700000, 0x0000000741800000|  0%| F|  |TS  0|AC  0|TAMS 0x0000000741700000, 0x0000000741700000|
|  24|0x0000000741800000, 0x0000000741800000, 0x0000000741900000|  0%| F|  |TS  0|AC  0|TAMS 0x0000000741800000, 0x0000000741800000|
|  25|0x0000000741900000, 0x0000000741900000, 0x0000000741a00000|  0%| F|  |TS  0|AC  0|TAMS 0x0000000741900000, 0x0000000741900000|
|  26|0x0000000741a00000, 0x0000000741a00000, 0x0000000741b00000|  0%| F|  |TS  0|AC  0|TAMS 0x0000000741a00000, 0x0000000741a00000|
|  27|0x0000000741b00000, 0x0000000741b00000, 0x0000000741c00000|  0%| F|  |TS  0|AC  0|TAMS 0x0000000741b00000, 0x0000000741b00000|
|  28|0x0000000741c00000, 0x0000000741c00000, 0x0000000741d00000|  0%| F|  |TS  0|AC  0|TAMS 0x0000000741c00000, 0x0000000741c00000|
|  29|0x0000000741d00000, 0x0000000741d00000, 0x0000000741e00000|  0%| F|  |TS  0|AC  0|TAMS 0x0000000741d00000, 0x0000000741d00000|
|  30|0x0000000741e00000, 0x0000000741e00000, 0x0000000741f00000|  0%| F|  |TS  0|AC  0|TAMS 0x0000000741e00000, 0x0000000741e00000|
|  31|0x0000000741f00000, 0x0000000741f00000, 0x0000000742000000|  0%| F|  |TS  0|AC  0|TAMS 0x0000000741f00000, 0x0000000741f00000|
|  32|0x0000000742000000, 0x0000000742000000, 0x0000000742100000|  0%| F|  |TS  0|AC  0|TAMS 0x0000000742000000, 0x0000000742000000|
|  33|0x0000000742100000, 0x0000000742100000, 0x0000000742200000|  0%| F|  |TS  0|AC  0|TAMS 0x0000000742100000, 0x0000000742100000|
|  34|0x0000000742200000, 0x0000000742200000, 0x0000000742300000|  0%| F|  |TS  0|AC  0|TAMS 0x0000000742200000, 0x0000000742200000|
|  35|0x0000000742300000, 0x0000000742300000, 0x0000000742400000|  0%| F|  |TS  0|AC  0|TAMS 0x0000000742300000, 0x0000000742300000|
|  36|0x0000000742400000, 0x0000000742400000, 0x0000000742500000|  0%| F|  |TS  0|AC  0|TAMS 0x0000000742400000, 0x0000000742400000|
|  37|0x0000000742500000, 0x0000000742500000, 0x0000000742600000|  0%| F|  |TS  0|AC  0|TAMS 0x0000000742500000, 0x0000000742500000|
|  38|0x0000000742600000, 0x0000000742600000, 0x0000000742700000|  0%| F|  |TS  0|AC  0|TAMS 0x0000000742600000, 0x0000000742600000|
|  39|0x0000000742700000, 0x0000000742700000, 0x0000000742800000|  0%| F|  |TS  0|AC  0|TAMS 0x0000000742700000, 0x0000000742700000|
|  40|0x0000000742800000, 0x0000000742800000, 0x0000000742900000|  0%| F|  |TS  0|AC  0|TAMS 0x0000000742800000, 0x0000000742800000|
|  41|0x0000000742900000, 0x0000000742900000, 0x0000000742a00000|  0%| F|  |TS  0|AC  0|TAMS 0x0000000742900000, 0x0000000742900000|
|  42|0x0000000742a00000, 0x0000000742a00000, 0x0000000742b00000|  0%| F|  |TS  0|AC  0|TAMS 0x0000000742a00000, 0x0000000742a00000|
|  43|0x0000000742b00000, 0x0000000742b00000, 0x0000000742c00000|  0%| F|  |TS  0|AC  0|TAMS 0x0000000742b00000, 0x0000000742b00000|
|  44|0x0000000742c00000, 0x0000000742c00000, 0x0000000742d00000|  0%| F|  |TS  0|AC  0|TAMS 0x0000000742c00000, 0x0000000742c00000|
|  45|0x0000000742d00000, 0x0000000742d00000, 0x0000000742e00000|  0%| F|  |TS  0|AC  0|TAMS 0x0000000742d00000, 0x0000000742d00000|
|  46|0x0000000742e00000, 0x0000000742e00000, 0x0000000742f00000|  0%| F|  |TS  0|AC  0|TAMS 0x0000000742e00000, 0x0000000742e00000|
|  47|0x0000000742f00000, 0x0000000742f00000, 0x0000000743000000|  0%| F|  |TS  0|AC  0|TAMS 0x0000000742f00000, 0x0000000742f00000|
|  48|0x0000000743000000, 0x0000000743000000, 0x0000000743100000|  0%| F|  |TS  0|AC  0|TAMS 0x0000000743000000, 0x0000000743000000|
|  49|0x0000000743100000, 0x0000000743100000, 0x0000000743200000|  0%| F|  |TS  0|AC  0|TAMS 0x0000000743100000, 0x0000000743100000|
|  50|0x0000000743200000, 0x0000000743200000, 0x0000000743300000|  0%| F|  |TS  0|AC  0|TAMS 0x0000000743200000, 0x0000000743200000|
|  51|0x0000000743300000, 0x0000000743300000, 0x0000000743400000|  0%| F|  |TS  0|AC  0|TAMS 0x0000000743300000, 0x0000000743300000|
|  52|0x0000000743400000, 0x0000000743400000, 0x0000000743500000|  0%| F|  |TS  0|AC  0|TAMS 0x0000000743400000, 0x0000000743400000|
|  53|0x0000000743500000, 0x0000000743500000, 0x0000000743600000|  0%| F|  |TS  0|AC  0|TAMS 0x0000000743500000, 0x0000000743500000|
|  54|0x0000000743600000, 0x0000000743600000, 0x0000000743700000|  0%| F|  |TS  0|AC  0|TAMS 0x0000000743600000, 0x0000000743600000|
|  55|0x0000000743700000, 0x0000000743700000, 0x0000000743800000|  0%| F|  |TS  0|AC  0|TAMS 0x0000000743700000, 0x0000000743700000|
|  56|0x0000000743800000, 0x0000000743800000, 0x0000000743900000|  0%| F|  |TS  0|AC  0|TAMS 0x0000000743800000, 0x0000000743800000|
|  57|0x0000000743900000, 0x0000000743900000, 0x0000000743a00000|  0%| F|  |TS  0|AC  0|TAMS 0x0000000743900000, 0x0000000743900000|
|  58|0x0000000743a00000, 0x0000000743a00000, 0x0000000743b00000|  0%| F|  |TS  0|AC  0|TAMS 0x0000000743a00000, 0x0000000743a00000|
|  59|0x0000000743b00000, 0x0000000743b00000, 0x0000000743c00000|  0%| F|  |TS  0|AC  0|TAMS 0x0000000743b00000, 0x0000000743b00000|
|  60|0x0000000743c00000, 0x0000000743c00000, 0x0000000743d00000|  0%| F|  |TS  0|AC  0|TAMS 0x0000000743c00000, 0x0000000743c00000|
|  61|0x0000000743d00000, 0x0000000743d00000, 0x0000000743e00000|  0%| F|  |TS  0|AC  0|TAMS 0x0000000743d00000, 0x0000000743d00000|
|  62|0x0000000743e00000, 0x0000000743e00000, 0x0000000743f00000|  0%| F|  |TS  0|AC  0|TAMS 0x0000000743e00000, 0x0000000743e00000|
|  63|0x0000000743f00000, 0x0000000743f00000, 0x0000000744000000|  0%| F|  |TS  0|AC  0|TAMS 0x0000000743f00000, 0x0000000743f00000|
|  64|0x0000000744000000, 0x0000000744000000, 0x0000000744100000|  0%| F|  |TS  0|AC  0|TAMS 0x0000000744000000, 0x0000000744000000|
|  65|0x0000000744100000, 0x0000000744100000, 0x0000000744200000|  0%| F|  |TS  0|AC  0|TAMS 0x0000000744100000, 0x0000000744100000|
|  66|0x0000000744200000, 0x0000000744200000, 0x0000000744300000|  0%| F|  |TS  0|AC  0|TAMS 0x0000000744200000, 0x0000000744200000|
|  67|0x0000000744300000, 0x0000000744300000, 0x0000000744400000|  0%| F|  |TS  0|AC  0|TAMS 0x0000000744300000, 0x0000000744300000|
|  68|0x0000000744400000, 0x0000000744400000, 0x0000000744500000|  0%| F|  |TS  0|AC  0|TAMS 0x0000000744400000, 0x0000000744400000|
|  69|0x0000000744500000, 0x0000000744500000, 0x0000000744600000|  0%| F|  |TS  0|AC  0|TAMS 0x0000000744500000, 0x0000000744500000|
|  70|0x0000000744600000, 0x0000000744600000, 0x0000000744700000|  0%| F|  |TS  0|AC  0|TAMS 0x0000000744600000, 0x0000000744600000|
|  71|0x0000000744700000, 0x0000000744700000, 0x0000000744800000|  0%| F|  |TS  0|AC  0|TAMS 0x0000000744700000, 0x0000000744700000|
|  72|0x0000000744800000, 0x0000000744800000, 0x0000000744900000|  0%| F|  |TS  0|AC  0|TAMS 0x0000000744800000, 0x0000000744800000|
|  73|0x0000000744900000, 0x0000000744900000, 0x0000000744a00000|  0%| F|  |TS  0|AC  0|TAMS 0x0000000744900000, 0x0000000744900000|
|  74|0x0000000744a00000, 0x0000000744a00000, 0x0000000744b00000|  0%| F|  |TS  0|AC  0|TAMS 0x0000000744a00000, 0x0000000744a00000|
|  75|0x0000000744b00000, 0x0000000744b00000, 0x0000000744c00000|  0%| F|  |TS  0|AC  0|TAMS 0x0000000744b00000, 0x0000000744b00000|
|  76|0x0000000744c00000, 0x0000000744c00000, 0x0000000744d00000|  0%| F|  |TS  0|AC  0|TAMS 0x0000000744c00000, 0x0000000744c00000|
|  77|0x0000000744d00000, 0x0000000744d00000, 0x0000000744e00000|  0%| F|  |TS  0|AC  0|TAMS 0x0000000744d00000, 0x0000000744d00000|
|  78|0x0000000744e00000, 0x0000000744e00000, 0x0000000744f00000|  0%| F|  |TS  0|AC  0|TAMS 0x0000000744e00000, 0x0000000744e00000|
|  79|0x0000000744f00000, 0x0000000744f00000, 0x0000000745000000|  0%| F|  |TS  0|AC  0|TAMS 0x0000000744f00000, 0x0000000744f00000|
|  80|0x0000000745000000, 0x0000000745000000, 0x0000000745100000|  0%| F|  |TS  0|AC  0|TAMS 0x0000000745000000, 0x0000000745000000|
|  81|0x0000000745100000, 0x0000000745100000, 0x0000000745200000|  0%| F|  |TS  0|AC  0|TAMS 0x0000000745100000, 0x0000000745100000|
|  82|0x0000000745200000, 0x0000000745200000, 0x0000000745300000|  0%| F|  |TS  0|AC  0|TAMS 0x0000000745200000, 0x0000000745200000|
|  83|0x0000000745300000, 0x0000000745300000, 0x0000000745400000|  0%| F|  |TS  0|AC  0|TAMS 0x0000000745300000, 0x0000000745300000|
|  84|0x0000000745400000, 0x0000000745400000, 0x0000000745500000|  0%| F|  |TS  0|AC  0|TAMS 0x0000000745400000, 0x0000000745400000|
|  85|0x0000000745500000, 0x0000000745500000, 0x0000000745600000|  0%| F|  |TS  0|AC  0|TAMS 0x0000000745500000, 0x0000000745500000|
|  86|0x0000000745600000, 0x0000000745600000, 0x0000000745700000|  0%| F|  |TS  0|AC  0|TAMS 0x0000000745600000, 0x0000000745600000|
|  87|0x0000000745700000, 0x0000000745700000, 0x0000000745800000|  0%| F|  |TS  0|AC  0|TAMS 0x0000000745700000, 0x0000000745700000|
|  88|0x0000000745800000, 0x0000000745800000, 0x0000000745900000|  0%| F|  |TS  0|AC  0|TAMS 0x0000000745800000, 0x0000000745800000|
|  89|0x0000000745900000, 0x0000000745900000, 0x0000000745a00000|  0%| F|  |TS  0|AC  0|TAMS 0x0000000745900000, 0x0000000745900000|
|  90|0x0000000745a00000, 0x0000000745a00000, 0x0000000745b00000|  0%| F|  |TS  0|AC  0|TAMS 0x0000000745a00000, 0x0000000745a00000|
|  91|0x0000000745b00000, 0x0000000745b00000, 0x0000000745c00000|  0%| F|  |TS  0|AC  0|TAMS 0x0000000745b00000, 0x0000000745b00000|
|  92|0x0000000745c00000, 0x0000000745c00000, 0x0000000745d00000|  0%| F|  |TS  0|AC  0|TAMS 0x0000000745c00000, 0x0000000745c00000|
|  93|0x0000000745d00000, 0x0000000745d00000, 0x0000000745e00000|  0%| F|  |TS  0|AC  0|TAMS 0x0000000745d00000, 0x0000000745d00000|
|  94|0x0000000745e00000, 0x0000000745e00000, 0x0000000745f00000|  0%| F|  |TS  0|AC  0|TAMS 0x0000000745e00000, 0x0000000745e00000|
|  95|0x0000000745f00000, 0x0000000745f00000, 0x0000000746000000|  0%| F|  |TS  0|AC  0|TAMS 0x0000000745f00000, 0x0000000745f00000|
|  96|0x0000000746000000, 0x0000000746000000, 0x0000000746100000|  0%| F|  |TS  0|AC  0|TAMS 0x0000000746000000, 0x0000000746000000|
|  97|0x0000000746100000, 0x0000000746100000, 0x0000000746200000|  0%| F|  |TS  0|AC  0|TAMS 0x0000000746100000, 0x0000000746100000|
|  98|0x0000000746200000, 0x0000000746200000, 0x0000000746300000|  0%| F|  |TS  0|AC  0|TAMS 0x0000000746200000, 0x0000000746200000|
|  99|0x0000000746300000, 0x0000000746300000, 0x0000000746400000|  0%| F|  |TS  0|AC  0|TAMS 0x0000000746300000, 0x0000000746300000|
| 100|0x0000000746400000, 0x0000000746400000, 0x0000000746500000|  0%| F|  |TS  0|AC  0|TAMS 0x0000000746400000, 0x0000000746400000|
| 101|0x0000000746500000, 0x0000000746600000, 0x0000000746600000|100%| E|  |TS  0|AC  0|TAMS 0x0000000746500000, 0x0000000746500000|
| 102|0x0000000746600000, 0x0000000746700000, 0x0000000746700000|100%| E|CS|TS  0|AC  0|TAMS 0x0000000746600000, 0x0000000746600000|
| 103|0x0000000746700000, 0x0000000746800000, 0x0000000746800000|100%| E|CS|TS  0|AC  0|TAMS 0x0000000746700000, 0x0000000746700000|
| 104|0x0000000746800000, 0x0000000746900000, 0x0000000746900000|100%| E|CS|TS  0|AC  0|TAMS 0x0000000746800000, 0x0000000746800000|
| 105|0x0000000746900000, 0x0000000746a00000, 0x0000000746a00000|100%| E|CS|TS  0|AC  0|TAMS 0x0000000746900000, 0x0000000746900000|
| 106|0x0000000746a00000, 0x0000000746b00000, 0x0000000746b00000|100%| E|CS|TS  0|AC  0|TAMS 0x0000000746a00000, 0x0000000746a00000|
| 107|0x0000000746b00000, 0x0000000746c00000, 0x0000000746c00000|100%| E|CS|TS  0|AC  0|TAMS 0x0000000746b00000, 0x0000000746b00000|
| 108|0x0000000746c00000, 0x0000000746d00000, 0x0000000746d00000|100%| E|CS|TS  0|AC  0|TAMS 0x0000000746c00000, 0x0000000746c00000|
| 109|0x0000000746d00000, 0x0000000746e00000, 0x0000000746e00000|100%| E|CS|TS  0|AC  0|TAMS 0x0000000746d00000, 0x0000000746d00000|
| 110|0x0000000746e00000, 0x0000000746f00000, 0x0000000746f00000|100%| E|CS|TS  0|AC  0|TAMS 0x0000000746e00000, 0x0000000746e00000|
| 111|0x0000000746f00000, 0x0000000747000000, 0x0000000747000000|100%| E|CS|TS  0|AC  0|TAMS 0x0000000746f00000, 0x0000000746f00000|
| 112|0x0000000747000000, 0x0000000747100000, 0x0000000747100000|100%| E|CS|TS  3|AC  0|TAMS 0x0000000747000000, 0x0000000747000000|
| 113|0x0000000747100000, 0x0000000747200000, 0x0000000747200000|100%| E|CS|TS  3|AC  0|TAMS 0x0000000747100000, 0x0000000747100000|
| 114|0x0000000747200000, 0x0000000747300000, 0x0000000747300000|100%| E|CS|TS  1|AC  0|TAMS 0x0000000747200000, 0x0000000747200000|
| 115|0x0000000747300000, 0x0000000747400000, 0x0000000747400000|100%| E|CS|TS  1|AC  0|TAMS 0x0000000747300000, 0x0000000747300000|
| 116|0x0000000747400000, 0x0000000747500000, 0x0000000747500000|100%| E|CS|TS  1|AC  0|TAMS 0x0000000747400000, 0x0000000747400000|
| 117|0x0000000747500000, 0x0000000747551870, 0x0000000747600000| 31%| S|CS|TS  3|AC  0|TAMS 0x0000000747500000, 0x0000000747500000|
| 118|0x0000000747600000, 0x0000000747700000, 0x0000000747700000|100%| S|CS|TS  3|AC  0|TAMS 0x0000000747600000, 0x0000000747600000|
| 119|0x0000000747700000, 0x0000000747800000, 0x0000000747800000|100%| E|CS|TS  3|AC  0|TAMS 0x0000000747700000, 0x0000000747700000|
| 120|0x0000000747800000, 0x0000000747900000, 0x0000000747900000|100%| E|CS|TS  3|AC  0|TAMS 0x0000000747800000, 0x0000000747800000|
| 121|0x0000000747900000, 0x0000000747a00000, 0x0000000747a00000|100%| E|CS|TS  3|AC  0|TAMS 0x0000000747900000, 0x0000000747900000|
| 122|0x0000000747a00000, 0x0000000747b00000, 0x0000000747b00000|100%| E|CS|TS  3|AC  0|TAMS 0x0000000747a00000, 0x0000000747a00000|
| 123|0x0000000747b00000, 0x0000000747c00000, 0x0000000747c00000|100%| E|CS|TS  3|AC  0|TAMS 0x0000000747b00000, 0x0000000747b00000|
| 124|0x0000000747c00000, 0x0000000747d00000, 0x0000000747d00000|100%| E|CS|TS  3|AC  0|TAMS 0x0000000747c00000, 0x0000000747c00000|
| 125|0x0000000747d00000, 0x0000000747e00000, 0x0000000747e00000|100%| E|CS|TS  3|AC  0|TAMS 0x0000000747d00000, 0x0000000747d00000|
| 126|0x0000000747e00000, 0x0000000747f00000, 0x0000000747f00000|100%| E|CS|TS  3|AC  0|TAMS 0x0000000747e00000, 0x0000000747e00000|
| 127|0x0000000747f00000, 0x0000000748000000, 0x0000000748000000|100%| E|CS|TS  3|AC  0|TAMS 0x0000000747f00000, 0x0000000747f00000|

Card table byte_map: [0x000000011672c000,0x0000000116b2c000] byte_map_base: 0x0000000112d2c000

Marking Bits (Prev, Next): (CMBitMap*) 0x00007fd793035070, (CMBitMap*) 0x00007fd7930350a8
 Prev Bits: [0x0000000116f2c000, 0x0000000118f2c000)
 Next Bits: [0x0000000128b86000, 0x000000012ab86000)

Polling page: 0x000000010a8e7000

CodeHeap 'non-profiled nmethods': size=120032Kb used=572Kb max_used=572Kb free=119459Kb
 bounds [0x000000012164e000, 0x00000001218be000, 0x0000000128b86000]
CodeHeap 'profiled nmethods': size=120032Kb used=3550Kb max_used=3550Kb free=116481Kb
 bounds [0x000000011a116000, 0x000000011a496000, 0x000000012164e000]
CodeHeap 'non-nmethods': size=5696Kb used=1265Kb max_used=1287Kb free=4430Kb
 bounds [0x0000000119b86000, 0x0000000119df6000, 0x000000011a116000]
 total_blobs=2550 nmethods=1705 adapters=385
 compilation: enabled

Compilation events (10 events):
Event: 6.233 Thread 0x00007fd79281f000 1701       4       java.util.ArrayList::add (25 bytes)
Event: 6.235 Thread 0x00007fd793816800 1702       1       javax.imageio.plugins.tiff.TIFFTag::getNumber (5 bytes)
Event: 6.235 Thread 0x00007fd793816800 nmethod 1702 0x00000001216dbe90 code [0x00000001216dc040, 0x00000001216dc150]
Event: 6.235 Thread 0x00007fd793816800 1703       1       javax.imageio.plugins.tiff.TIFFTag::getName (5 bytes)
Event: 6.235 Thread 0x00007fd793816800 nmethod 1703 0x00000001216dc190 code [0x00000001216dc340, 0x00000001216dc450]
Event: 6.239 Thread 0x00007fd79281f000 nmethod 1701 0x00000001216dc490 code [0x00000001216dc640, 0x00000001216dcbf8]
Event: 6.241 Thread 0x00007fd793816800 1704       1       java.awt.image.SampleModel::getNumBands (5 bytes)
Event: 6.241 Thread 0x00007fd793816800 nmethod 1704 0x00000001216dce10 code [0x00000001216dcfc0, 0x00000001216dd0d0]
Event: 6.246 Thread 0x00007fd793816800 1705       3       java.lang.reflect.Method::getParameterTypes (11 bytes)
Event: 6.247 Thread 0x00007fd793816800 nmethod 1705 0x000000011a48d390 code [0x000000011a48d560, 0x000000011a48d868]

GC Heap History (4 events):
Event: 0.529 GC heap before
{Heap before GC invocations=0 (full 0):
 garbage-first heap   total 131072K, used 16384K [0x0000000740000000, 0x0000000740100400, 0x00000007c0000000)
  region size 1024K, 14 young (14336K), 0 survivors (0K)
 Metaspace       used 9553K, capacity 9722K, committed 9984K, reserved 1058816K
  class space    used 915K, capacity 973K, committed 1024K, reserved 1048576K
}
Event: 0.534 GC heap after
{Heap after GC invocations=1 (full 0):
 garbage-first heap   total 131072K, used 6341K [0x0000000740000000, 0x0000000740100400, 0x00000007c0000000)
  region size 1024K, 2 young (2048K), 2 survivors (2048K)
 Metaspace       used 9553K, capacity 9722K, committed 9984K, reserved 1058816K
  class space    used 915K, capacity 973K, committed 1024K, reserved 1048576K
}
Event: 0.783 GC heap before
{Heap before GC invocations=1 (full 0):
 garbage-first heap   total 131072K, used 15557K [0x0000000740000000, 0x0000000740100400, 0x00000007c0000000)
  region size 1024K, 11 young (11264K), 2 survivors (2048K)
 Metaspace       used 12016K, capacity 12288K, committed 12544K, reserved 1060864K
  class space    used 1176K, capacity 1264K, committed 1280K, reserved 1048576K
}
Event: 0.790 GC heap after
{Heap after GC invocations=2 (full 0):
 garbage-first heap   total 131072K, used 7611K [0x0000000740000000, 0x0000000740100400, 0x00000007c0000000)
  region size 1024K, 2 young (2048K), 2 survivors (2048K)
 Metaspace       used 12016K, capacity 12288K, committed 12544K, reserved 1060864K
  class space    used 1176K, capacity 1264K, committed 1280K, reserved 1048576K
}

Deoptimization events (10 events):
Event: 0.978 Thread 0x00007fd792801800 Uncommon trap: reason=class_check action=maybe_recompile pc=0x00000001216a00f4 method=java.util.regex.Pattern$SliceI.match(Ljava/util/regex/Matcher;ILjava/lang/CharSequence;)Z @ 92 c2
Event: 4.087 Thread 0x00007fd792801800 Uncommon trap: reason=unstable_if action=reinterpret pc=0x00000001216a1870 method=java.util.concurrent.ConcurrentHashMap.putVal(Ljava/lang/Object;Ljava/lang/Object;Z)Ljava/lang/Object; @ 231 c2
Event: 4.593 Thread 0x00007fd792801800 Uncommon trap: reason=unstable_if action=reinterpret pc=0x000000012168e5c8 method=java.io.ByteArrayInputStream.read()I @ 8 c2
Event: 5.007 Thread 0x00007fd792801800 Uncommon trap: reason=unstable_if action=reinterpret pc=0x000000012165d6a8 method=java.lang.String.equals(Ljava/lang/Object;)Z @ 27 c2
Event: 5.026 Thread 0x00007fd792801800 Uncommon trap: reason=unstable_if action=reinterpret pc=0x0000000121695288 method=java.util.HashMap.getNode(ILjava/lang/Object;)Ljava/util/HashMap$Node; @ 62 c2
Event: 5.026 Thread 0x00007fd792801800 Uncommon trap: reason=unstable_if action=reinterpret pc=0x0000000121686580 method=java.util.HashMap.getNode(ILjava/lang/Object;)Ljava/util/HashMap$Node; @ 62 c2
Event: 5.042 Thread 0x00007fd792801800 Uncommon trap: reason=unstable_if action=reinterpret pc=0x00000001216aead0 method=java.lang.StringBuilder.toString()Ljava/lang/String; @ 4 c2
Event: 5.054 Thread 0x00007fd792801800 Uncommon trap: reason=unstable_if action=reinterpret pc=0x000000012167d8e4 method=java.lang.String.getBytes([BIB)V @ 5 c2
Event: 5.054 Thread 0x00007fd792801800 Uncommon trap: reason=unstable_if action=reinterpret pc=0x00000001216723f8 method=java.lang.String.indexOf(II)I @ 4 c2
Event: 6.138 Thread 0x00007fd792801800 Uncommon trap: reason=unstable_if action=reinterpret pc=0x00000001216acf68 method=sun.net.www.ParseUtil.firstEncodeIndex(Ljava/lang/String;)I @ 51 c2

Classes redefined (0 events):
No events

Internal exceptions (10 events):
Event: 6.024 Thread 0x00007fd792801800 Exception <a 'java/lang/NoSuchMethodError'{0x0000000746f910f0}: method resolution failed> (0x0000000746f910f0) thrown at [/scratch/mesos/slaves/5af44a71-976a-41b7-81de-5773b84ec572-S38393/frameworks/1735e8a2-a1db-478c-8104-60c8b0af87dd-0196/executors/8b85
Event: 6.026 Thread 0x00007fd792801800 Exception <a 'java/lang/NoSuchMethodError'{0x0000000746fa28c8}: method resolution failed> (0x0000000746fa28c8) thrown at [/scratch/mesos/slaves/5af44a71-976a-41b7-81de-5773b84ec572-S38393/frameworks/1735e8a2-a1db-478c-8104-60c8b0af87dd-0196/executors/8b85
Event: 6.032 Thread 0x00007fd792801800 Exception <a 'java/lang/NoSuchMethodError'{0x0000000746fb2260}: java.lang.invoke.DirectMethodHandle$Holder.invokeSpecial(Ljava/lang/Object;Ljava/lang/Object;IILjava/lang/Object;Ljava/lang/Object;Ljava/lang/Object;)Ljava/lang/Object;> (0x0000000746fb2260) 
Event: 6.034 Thread 0x00007fd792801800 Exception <a 'java/lang/NoSuchMethodError'{0x0000000746fb5878}: java.lang.invoke.DelegatingMethodHandle$Holder.reinvoke_L(Ljava/lang/Object;IILjava/lang/Object;Ljava/lang/Object;Ljava/lang/Object;)Ljava/lang/Object;> (0x0000000746fb5878) thrown at [/scrat
Event: 6.036 Thread 0x00007fd792801800 Exception <a 'java/lang/NoSuchMethodError'{0x0000000746fbaf88}: method resolution failed> (0x0000000746fbaf88) thrown at [/scratch/mesos/slaves/5af44a71-976a-41b7-81de-5773b84ec572-S38393/frameworks/1735e8a2-a1db-478c-8104-60c8b0af87dd-0196/executors/8b85
Event: 6.038 Thread 0x00007fd792801800 Exception <a 'java/lang/NoSuchMethodError'{0x0000000746fd03b0}: method resolution failed> (0x0000000746fd03b0) thrown at [/scratch/mesos/slaves/5af44a71-976a-41b7-81de-5773b84ec572-S38393/frameworks/1735e8a2-a1db-478c-8104-60c8b0af87dd-0196/executors/8b85
Event: 6.042 Thread 0x00007fd792801800 Exception <a 'java/lang/NoSuchMethodError'{0x0000000746fe6178}: method resolution failed> (0x0000000746fe6178) thrown at [/scratch/mesos/slaves/5af44a71-976a-41b7-81de-5773b84ec572-S38393/frameworks/1735e8a2-a1db-478c-8104-60c8b0af87dd-0196/executors/8b85
Event: 6.044 Thread 0x00007fd792801800 Exception <a 'java/lang/NoSuchMethodError'{0x0000000746ffdea0}: method resolution failed> (0x0000000746ffdea0) thrown at [/scratch/mesos/slaves/5af44a71-976a-41b7-81de-5773b84ec572-S38393/frameworks/1735e8a2-a1db-478c-8104-60c8b0af87dd-0196/executors/8b85
Event: 6.046 Thread 0x00007fd792801800 Exception <a 'java/lang/NoSuchMethodError'{0x0000000746e17a40}: method resolution failed> (0x0000000746e17a40) thrown at [/scratch/mesos/slaves/5af44a71-976a-41b7-81de-5773b84ec572-S38393/frameworks/1735e8a2-a1db-478c-8104-60c8b0af87dd-0196/executors/8b85
Event: 6.047 Thread 0x00007fd792801800 Exception <a 'java/io/FileNotFoundException'{0x0000000746e210f8}> (0x0000000746e210f8) thrown at [/scratch/mesos/slaves/5af44a71-976a-41b7-81de-5773b84ec572-S38393/frameworks/1735e8a2-a1db-478c-8104-60c8b0af87dd-0196/executors/8b855640-c399-41ea-b65f-5227

Events (10 events):
Event: 6.240 loading class com/sun/imageio/plugins/common/ImageUtil
Event: 6.240 loading class com/sun/imageio/plugins/common/ImageUtil done
Event: 6.240 loading class com/sun/imageio/plugins/tiff/TIFFNullDecompressor
Event: 6.240 loading class com/sun/imageio/plugins/tiff/TIFFNullDecompressor done
Event: 6.240 loading class com/sun/imageio/plugins/tiff/TIFFImageWriter
Event: 6.240 loading class com/sun/imageio/plugins/tiff/TIFFImageWriter done
Event: 6.244 loading class java/lang/StrictMath
Event: 6.244 loading class java/lang/StrictMath done
Event: 6.245 loading class com/sun/jna/Native$Buffers
Event: 6.245 loading class com/sun/jna/Native$Buffers done


Dynamic libraries:
0x00007fff5427f000 	/System/Library/Frameworks/Cocoa.framework/Versions/A/Cocoa
0x00007fff60856000 	/System/Library/Frameworks/Security.framework/Versions/A/Security
0x00007fff52ec3000 	/System/Library/Frameworks/ApplicationServices.framework/Versions/A/ApplicationServices
0x00007fff7cbb7000 	/usr/lib/libz.1.dylib
0x00007fff7aaf2000 	/usr/lib/libSystem.B.dylib
0x00007fff54a34000 	/System/Library/Frameworks/CoreFoundation.framework/Versions/A/CoreFoundation
0x00007fff56b88000 	/System/Library/Frameworks/Foundation.framework/Versions/C/Foundation
0x00007fff7c1a1000 	/usr/lib/libobjc.A.dylib
0x00007fff52013000 	/System/Library/Frameworks/AppKit.framework/Versions/C/AppKit
0x00007fff545f7000 	/System/Library/Frameworks/CoreData.framework/Versions/A/CoreData
0x00007fff74446000 	/System/Library/PrivateFrameworks/RemoteViewServices.framework/Versions/A/RemoteViewServices
0x00007fff78b97000 	/System/Library/PrivateFrameworks/UIFoundation.framework/Versions/A/UIFoundation
0x00007fff692a8000 	/System/Library/PrivateFrameworks/DFRFoundation.framework/Versions/A/DFRFoundation
0x00007fff591cc000 	/System/Library/Frameworks/Metal.framework/Versions/A/Metal
0x00007fff69445000 	/System/Library/PrivateFrameworks/DesktopServicesPriv.framework/Versions/A/DesktopServicesPriv
0x00007fff7b6f7000 	/usr/lib/libenergytrace.dylib
0x00007fff76c0c000 	/System/Library/PrivateFrameworks/SkyLight.framework/Versions/A/SkyLight
0x00007fff54ed7000 	/System/Library/Frameworks/CoreGraphics.framework/Versions/A/CoreGraphics
0x00007fff7aaed000 	/usr/lib/libScreenReader.dylib
0x00007fff50fae000 	/System/Library/Frameworks/Accelerate.framework/Versions/A/Accelerate
0x00007fff57301000 	/System/Library/Frameworks/IOSurface.framework/Versions/A/IOSurface
0x00007fff5340d000 	/System/Library/Frameworks/AudioToolbox.framework/Versions/A/AudioToolbox
0x00007fff5369c000 	/System/Library/Frameworks/AudioUnit.framework/Versions/A/AudioUnit
0x00007fff69340000 	/System/Library/PrivateFrameworks/DataDetectorsCore.framework/Versions/A/DataDetectorsCore
0x00007fff53d72000 	/System/Library/Frameworks/Carbon.framework/Versions/A/Frameworks/HIToolbox.framework/Versions/A/HIToolbox
0x00007fff7b851000 	/usr/lib/libicucore.A.dylib
0x00007fff5fdd7000 	/System/Library/Frameworks/QuartzCore.framework/Versions/A/QuartzCore
0x00007fff75ec3000 	/System/Library/PrivateFrameworks/SignpostNotification.framework/Versions/A/SignpostNotification
0x00007fff54158000 	/System/Library/Frameworks/Carbon.framework/Versions/A/Frameworks/SpeechRecognition.framework/Versions/A/SpeechRecognition
0x00007fff7ac4e000 	/usr/lib/libauto.dylib
0x00007fff7caa6000 	/usr/lib/libxml2.2.dylib
0x00007fff68efb000 	/System/Library/PrivateFrameworks/CoreUI.framework/Versions/A/CoreUI
0x00007fff544d3000 	/System/Library/Frameworks/CoreAudio.framework/Versions/A/CoreAudio
0x00007fff569c2000 	/System/Library/Frameworks/DiskArbitration.framework/Versions/A/DiskArbitration
0x00007fff7bac5000 	/usr/lib/liblangid.dylib
0x00007fff70956000 	/System/Library/PrivateFrameworks/MultitouchSupport.framework/Versions/A/MultitouchSupport
0x00007fff57264000 	/System/Library/Frameworks/IOKit.framework/Versions/A/IOKit
0x00007fff7a77c000 	/usr/lib/libDiagnosticMessagesClient.dylib
0x00007fff55ba0000 	/System/Library/Frameworks/CoreServices.framework/Versions/A/CoreServices
0x00007fff72484000 	/System/Library/PrivateFrameworks/PerformanceAnalysis.framework/Versions/A/PerformanceAnalysis
0x00007fff5ef79000 	/System/Library/Frameworks/OpenGL.framework/Versions/A/OpenGL
0x00007fff5428d000 	/System/Library/Frameworks/ColorSync.framework/Versions/A/ColorSync
0x00007fff554e9000 	/System/Library/Frameworks/CoreImage.framework/Versions/A/CoreImage
0x00007fff56530000 	/System/Library/Frameworks/CoreText.framework/Versions/A/CoreText
0x00007fff5735f000 	/System/Library/Frameworks/ImageIO.framework/Versions/A/ImageIO
0x00007fff65643000 	/System/Library/PrivateFrameworks/Backup.framework/Versions/A/Backup
0x00007fff7ab9e000 	/usr/lib/libarchive.2.dylib
0x00007fff539be000 	/System/Library/Frameworks/CFNetwork.framework/Versions/A/CFNetwork
0x00007fff60fe6000 	/System/Library/Frameworks/SystemConfiguration.framework/Versions/A/SystemConfiguration
0x00007fff7a6a5000 	/usr/lib/libCRFSuite.dylib
0x00007fff7ad27000 	/usr/lib/libc++.1.dylib
0x00007fff7ad7e000 	/usr/lib/libc++abi.dylib
0x00007fff7cc65000 	/usr/lib/system/libcache.dylib
0x00007fff7cc6a000 	/usr/lib/system/libcommonCrypto.dylib
0x00007fff7cc75000 	/usr/lib/system/libcompiler_rt.dylib
0x00007fff7cc7d000 	/usr/lib/system/libcopyfile.dylib
0x00007fff7cc87000 	/usr/lib/system/libcorecrypto.dylib
0x00007fff7cd94000 	/usr/lib/system/libdispatch.dylib
0x00007fff7cdce000 	/usr/lib/system/libdyld.dylib
0x00007fff7cdec000 	/usr/lib/system/libkeymgr.dylib
0x00007fff7cdfa000 	/usr/lib/system/liblaunch.dylib
0x00007fff7cdfb000 	/usr/lib/system/libmacho.dylib
0x00007fff7ce00000 	/usr/lib/system/libquarantine.dylib
0x00007fff7ce03000 	/usr/lib/system/libremovefile.dylib
0x00007fff7ce05000 	/usr/lib/system/libsystem_asl.dylib
0x00007fff7ce1d000 	/usr/lib/system/libsystem_blocks.dylib
0x00007fff7ce1e000 	/usr/lib/system/libsystem_c.dylib
0x00007fff7cea8000 	/usr/lib/system/libsystem_configuration.dylib
0x00007fff7ceac000 	/usr/lib/system/libsystem_coreservices.dylib
0x00007fff7ceb0000 	/usr/lib/system/libsystem_darwin.dylib
0x00007fff7ceb2000 	/usr/lib/system/libsystem_dnssd.dylib
0x00007fff7ceb9000 	/usr/lib/system/libsystem_info.dylib
0x00007fff7cf2a000 	/usr/lib/system/libsystem_m.dylib
0x00007fff7cf76000 	/usr/lib/system/libsystem_malloc.dylib
0x00007fff7cf96000 	/usr/lib/system/libsystem_network.dylib
0x00007fff7d0c7000 	/usr/lib/system/libsystem_networkextension.dylib
0x00007fff7d0d2000 	/usr/lib/system/libsystem_notify.dylib
0x00007fff7d0f0000 	/usr/lib/system/libsystem_sandbox.dylib
0x00007fff7d0f4000 	/usr/lib/system/libsystem_secinit.dylib
0x00007fff7cf03000 	/usr/lib/system/libsystem_kernel.dylib
0x00007fff7d0dc000 	/usr/lib/system/libsystem_platform.dylib
0x00007fff7d0e4000 	/usr/lib/system/libsystem_pthread.dylib
0x00007fff7d0f6000 	/usr/lib/system/libsystem_symptoms.dylib
0x00007fff7d0fe000 	/usr/lib/system/libsystem_trace.dylib
0x00007fff7d113000 	/usr/lib/system/libunwind.dylib
0x00007fff7d119000 	/usr/lib/system/libxpc.dylib
0x00007fff7a5b8000 	/usr/lib/closure/libclosured.dylib
0x00007fff7ad08000 	/usr/lib/libbsm.0.dylib
0x00007fff7cded000 	/usr/lib/system/libkxld.dylib
0x00007fff7a9b6000 	/usr/lib/libOpenScriptingUtil.dylib
0x00007fff7b076000 	/usr/lib/libcoretls.dylib
0x00007fff7b08f000 	/usr/lib/libcoretls_cfhelpers.dylib
0x00007fff7c5a2000 	/usr/lib/libpam.2.dylib
0x00007fff7c6c9000 	/usr/lib/libsqlite3.dylib
0x00007fff7ca95000 	/usr/lib/libxar.1.dylib
0x00007fff7ad19000 	/usr/lib/libbz2.1.0.dylib
0x00007fff7bac7000 	/usr/lib/liblzma.5.dylib
0x00007fff7bfa8000 	/usr/lib/libnetwork.dylib
0x00007fff7ab87000 	/usr/lib/libapple_nghttp2.dylib
0x00007fff7c5a9000 	/usr/lib/libpcap.A.dylib
0x00007fff7ac4f000 	/usr/lib/libboringssl.dylib
0x00007fff7ca30000 	/usr/lib/libusrtcp.dylib
0x00007fff7ab86000 	/usr/lib/libapple_crypto.dylib
0x00007fff55f23000 	/System/Library/Frameworks/CoreServices.framework/Versions/A/Frameworks/FSEvents.framework/Versions/A/FSEvents
0x00007fff55c16000 	/System/Library/Frameworks/CoreServices.framework/Versions/A/Frameworks/CarbonCore.framework/Versions/A/CarbonCore
0x00007fff560ea000 	/System/Library/Frameworks/CoreServices.framework/Versions/A/Frameworks/Metadata.framework/Versions/A/Metadata
0x00007fff5619b000 	/System/Library/Frameworks/CoreServices.framework/Versions/A/Frameworks/OSServices.framework/Versions/A/OSServices
0x00007fff561fc000 	/System/Library/Frameworks/CoreServices.framework/Versions/A/Frameworks/SearchKit.framework/Versions/A/SearchKit
0x00007fff55ba1000 	/System/Library/Frameworks/CoreServices.framework/Versions/A/Frameworks/AE.framework/Versions/A/AE
0x00007fff55f2c000 	/System/Library/Frameworks/CoreServices.framework/Versions/A/Frameworks/LaunchServices.framework/Versions/A/LaunchServices
0x00007fff55eee000 	/System/Library/Frameworks/CoreServices.framework/Versions/A/Frameworks/DictionaryServices.framework/Versions/A/DictionaryServices
0x00007fff5626b000 	/System/Library/Frameworks/CoreServices.framework/Versions/A/Frameworks/SharedFileList.framework/Versions/A/SharedFileList
0x00007fff5a402000 	/System/Library/Frameworks/NetFS.framework/Versions/A/NetFS
0x00007fff70be7000 	/System/Library/PrivateFrameworks/NetAuth.framework/Versions/A/NetAuth
0x00007fff7a44f000 	/System/Library/PrivateFrameworks/login.framework/Versions/A/Frameworks/loginsupport.framework/Versions/A/loginsupport
0x00007fff78818000 	/System/Library/PrivateFrameworks/TCC.framework/Versions/A/TCC
0x00007fff7bba8000 	/usr/lib/libmecabra.dylib
0x00007fff52ec4000 	/System/Library/Frameworks/ApplicationServices.framework/Versions/A/Frameworks/ATS.framework/Versions/A/ATS
0x00007fff53272000 	/System/Library/Frameworks/ApplicationServices.framework/Versions/A/Frameworks/ColorSyncLegacy.framework/Versions/A/ColorSyncLegacy
0x00007fff53316000 	/System/Library/Frameworks/ApplicationServices.framework/Versions/A/Frameworks/HIServices.framework/Versions/A/HIServices
0x00007fff53369000 	/System/Library/Frameworks/ApplicationServices.framework/Versions/A/Frameworks/LangAnalysis.framework/Versions/A/LangAnalysis
0x00007fff53378000 	/System/Library/Frameworks/ApplicationServices.framework/Versions/A/Frameworks/PrintCore.framework/Versions/A/PrintCore
0x00007fff533c5000 	/System/Library/Frameworks/ApplicationServices.framework/Versions/A/Frameworks/QD.framework/Versions/A/QD
0x00007fff53400000 	/System/Library/Frameworks/ApplicationServices.framework/Versions/A/Frameworks/SpeechSynthesis.framework/Versions/A/SpeechSynthesis
0x00007fff5494e000 	/System/Library/Frameworks/CoreDisplay.framework/Versions/A/CoreDisplay
0x00007fff50fc6000 	/System/Library/Frameworks/Accelerate.framework/Versions/A/Frameworks/vImage.framework/Versions/A/vImage
0x00007fff51d20000 	/System/Library/Frameworks/Accelerate.framework/Versions/A/Frameworks/vecLib.framework/Versions/A/vecLib
0x00007fff51ac0000 	/System/Library/Frameworks/Accelerate.framework/Versions/A/Frameworks/vecLib.framework/Versions/A/libvDSP.dylib
0x00007fff51620000 	/System/Library/Frameworks/Accelerate.framework/Versions/A/Frameworks/vecLib.framework/Versions/A/libBNNS.dylib
0x00007fff51a25000 	/System/Library/Frameworks/Accelerate.framework/Versions/A/Frameworks/vecLib.framework/Versions/A/libQuadrature.dylib
0x00007fff51c6e000 	/System/Library/Frameworks/Accelerate.framework/Versions/A/Frameworks/vecLib.framework/Versions/A/libvMisc.dylib
0x00007fff5164f000 	/System/Library/Frameworks/Accelerate.framework/Versions/A/Frameworks/vecLib.framework/Versions/A/libLAPACK.dylib
0x00007fff514c5000 	/System/Library/Frameworks/Accelerate.framework/Versions/A/Frameworks/vecLib.framework/Versions/A/libBLAS.dylib
0x00007fff51a0f000 	/System/Library/Frameworks/Accelerate.framework/Versions/A/Frameworks/vecLib.framework/Versions/A/libLinearAlgebra.dylib
0x00007fff51a2b000 	/System/Library/Frameworks/Accelerate.framework/Versions/A/Frameworks/vecLib.framework/Versions/A/libSparse.dylib
0x00007fff51aac000 	/System/Library/Frameworks/Accelerate.framework/Versions/A/Frameworks/vecLib.framework/Versions/A/libSparseBLAS.dylib
0x00007fff6da81000 	/System/Library/PrivateFrameworks/GPUWrangler.framework/Versions/A/GPUWrangler
0x00007fff6f1fe000 	/System/Library/PrivateFrameworks/IOAccelerator.framework/Versions/A/IOAccelerator
0x00007fff6f209000 	/System/Library/PrivateFrameworks/IOPresentment.framework/Versions/A/IOPresentment
0x00007fff692ba000 	/System/Library/PrivateFrameworks/DSExternalDisplay.framework/Versions/A/DSExternalDisplay
0x00007fff5e3f9000 	/System/Library/Frameworks/OpenGL.framework/Versions/A/Libraries/libCoreFSCache.dylib
0x00007fff56681000 	/System/Library/Frameworks/CoreVideo.framework/Versions/A/CoreVideo
0x00007fff6e7fc000 	/System/Library/PrivateFrameworks/GraphVisualizer.framework/Versions/A/GraphVisualizer
0x00007fff59403000 	/System/Library/Frameworks/MetalPerformanceShaders.framework/Versions/A/MetalPerformanceShaders
0x00007fff7a7b4000 	/usr/lib/libFosl_dynamic.dylib
0x00007fff6a38b000 	/System/Library/PrivateFrameworks/FaceCore.framework/Versions/A/FaceCore
0x00007fff5d200000 	/System/Library/Frameworks/OpenCL.framework/Versions/A/OpenCL
0x00007fff7adb5000 	/usr/lib/libcompression.dylib
0x00007fff52fc3000 	/System/Library/Frameworks/ApplicationServices.framework/Versions/A/Frameworks/ATS.framework/Versions/A/Resources/libFontParser.dylib
0x00007fff530e6000 	/System/Library/Frameworks/ApplicationServices.framework/Versions/A/Frameworks/ATS.framework/Versions/A/Resources/libFontRegistry.dylib
0x00007fff575c6000 	/System/Library/Frameworks/ImageIO.framework/Versions/A/Resources/libJPEG.dylib
0x00007fff578ef000 	/System/Library/Frameworks/ImageIO.framework/Versions/A/Resources/libTIFF.dylib
0x00007fff578c5000 	/System/Library/Frameworks/ImageIO.framework/Versions/A/Resources/libPng.dylib
0x00007fff574d9000 	/System/Library/Frameworks/ImageIO.framework/Versions/A/Resources/libGIF.dylib
0x00007fff574de000 	/System/Library/Frameworks/ImageIO.framework/Versions/A/Resources/libJP2.dylib
0x00007fff578ec000 	/System/Library/Frameworks/ImageIO.framework/Versions/A/Resources/libRadiance.dylib
0x00007fff64d70000 	/System/Library/PrivateFrameworks/AppleJPEG.framework/Versions/A/AppleJPEG
0x00007fff5926a000 	/System/Library/Frameworks/MetalPerformanceShaders.framework/Frameworks/MPSCore.framework/Versions/A/MPSCore
0x00007fff59286000 	/System/Library/Frameworks/MetalPerformanceShaders.framework/Frameworks/MPSImage.framework/Versions/A/MPSImage
0x00007fff5931b000 	/System/Library/Frameworks/MetalPerformanceShaders.framework/Frameworks/MPSNeuralNetwork.framework/Versions/A/MPSNeuralNetwork
0x00007fff592f6000 	/System/Library/Frameworks/MetalPerformanceShaders.framework/Frameworks/MPSMatrix.framework/Versions/A/MPSMatrix
0x00007fff706cc000 	/System/Library/PrivateFrameworks/MetalTools.framework/Versions/A/MetalTools
0x00007fff5e5c3000 	/System/Library/Frameworks/OpenGL.framework/Versions/A/Libraries/libGLU.dylib
0x00007fff5e404000 	/System/Library/Frameworks/OpenGL.framework/Versions/A/Libraries/libGFXShared.dylib
0x00007fff5e40e000 	/System/Library/Frameworks/OpenGL.framework/Versions/A/Libraries/libGL.dylib
0x00007fff5e41a000 	/System/Library/Frameworks/OpenGL.framework/Versions/A/Libraries/libGLImage.dylib
0x00007fff5e3f6000 	/System/Library/Frameworks/OpenGL.framework/Versions/A/Libraries/libCVMSPluginSupport.dylib
0x00007fff5e3ff000 	/System/Library/Frameworks/OpenGL.framework/Versions/A/Libraries/libCoreVMClient.dylib
0x00007fff7b561000 	/usr/lib/libcups.2.dylib
0x00007fff587d9000 	/System/Library/Frameworks/Kerberos.framework/Versions/A/Kerberos
0x00007fff56fbe000 	/System/Library/Frameworks/GSS.framework/Versions/A/GSS
0x00007fff7c65c000 	/usr/lib/libresolv.9.dylib
0x00007fff7b75f000 	/usr/lib/libiconv.2.dylib
0x00007fff6e88e000 	/System/Library/PrivateFrameworks/Heimdal.framework/Versions/A/Heimdal
0x00007fff7b72e000 	/usr/lib/libheimdal-asn1.dylib
0x00007fff5d26c000 	/System/Library/Frameworks/OpenDirectory.framework/Versions/A/OpenDirectory
0x00007fff67080000 	/System/Library/PrivateFrameworks/CommonAuth.framework/Versions/A/CommonAuth
0x00007fff5d24f000 	/System/Library/Frameworks/OpenDirectory.framework/Versions/A/Frameworks/CFOpenDirectory.framework/Versions/A/CFOpenDirectory
0x00007fff60b7f000 	/System/Library/Frameworks/SecurityFoundation.framework/Versions/A/SecurityFoundation
0x00007fff63f47000 	/System/Library/PrivateFrameworks/APFS.framework/Versions/A/APFS
0x00007fff7ca91000 	/usr/lib/libutil.dylib
0x00007fff64df3000 	/System/Library/PrivateFrameworks/AppleSauce.framework/Versions/A/AppleSauce
0x00007fff6f9e6000 	/System/Library/PrivateFrameworks/LinguisticData.framework/Versions/A/LinguisticData
0x00007fff7bae1000 	/usr/lib/libmarisa.dylib
0x00007fff6f9a0000 	/System/Library/PrivateFrameworks/Lexicon.framework/Versions/A/Lexicon
0x00007fff7a6df000 	/usr/lib/libChineseTokenizer.dylib
0x00007fff7ada4000 	/usr/lib/libcmph.dylib
0x00007fff6f8aa000 	/System/Library/PrivateFrameworks/LanguageModeling.framework/Versions/A/LanguageModeling
0x00007fff67b8c000 	/System/Library/PrivateFrameworks/CoreEmoji.framework/Versions/A/CoreEmoji
0x00007fff60c3d000 	/System/Library/Frameworks/ServiceManagement.framework/Versions/A/ServiceManagement
0x00007fff6563b000 	/System/Library/PrivateFrameworks/BackgroundTaskManagement.framework/Versions/A/BackgroundTaskManagement
0x00007fff7cb8e000 	/usr/lib/libxslt.1.dylib
0x00007fff54082000 	/System/Library/Frameworks/Carbon.framework/Versions/A/Frameworks/Ink.framework/Versions/A/Ink
0x00007fff78a2d000 	/System/Library/PrivateFrameworks/TextureIO.framework/Versions/A/TextureIO
0x00007fff7abc9000 	/usr/lib/libate.dylib
0x00007fff6921a000 	/System/Library/PrivateFrameworks/CrashReporterSupport.framework/Versions/A/CrashReporterSupport
0x00007fff75d86000 	/System/Library/PrivateFrameworks/Sharing.framework/Versions/A/Sharing
0x00007fff6f5ec000 	/System/Library/PrivateFrameworks/IconServices.framework/Versions/A/IconServices
0x00007fff64bf5000 	/System/Library/PrivateFrameworks/Apple80211.framework/Versions/A/Apple80211
0x00007fff69030000 	/System/Library/PrivateFrameworks/CoreUtils.framework/Versions/A/CoreUtils
0x00007fff566bc000 	/System/Library/Frameworks/CoreWLAN.framework/Versions/A/CoreWLAN
0x00007fff57100000 	/System/Library/Frameworks/IOBluetooth.framework/Versions/A/IOBluetooth
0x00007fff74252000 	/System/Library/PrivateFrameworks/ProtocolBuffer.framework/Versions/A/ProtocolBuffer
0x00007fff691b5000 	/System/Library/PrivateFrameworks/CoreWiFi.framework/Versions/A/CoreWiFi
0x00007fff545cd000 	/System/Library/Frameworks/CoreBluetooth.framework/Versions/A/CoreBluetooth
0x00007fff69404000 	/System/Library/PrivateFrameworks/DebugSymbols.framework/Versions/A/DebugSymbols
0x00007fff68de7000 	/System/Library/PrivateFrameworks/CoreSymbolication.framework/Versions/A/CoreSymbolication
0x00007fff7821f000 	/System/Library/PrivateFrameworks/Symbolication.framework/Versions/A/Symbolication
0x00007fff64c1f000 	/System/Library/PrivateFrameworks/AppleFSCompression.framework/Versions/A/AppleFSCompression
0x00007fff7766e000 	/System/Library/PrivateFrameworks/SpeechRecognitionCore.framework/Versions/A/SpeechRecognitionCore
0x00007fff4cfb2000 	/System/Library/CoreServices/Encodings/libSimplifiedChineseConverter.dylib
0x0000000109c03000 	/Library/Java/JavaVirtualMachines/jdk-9.0.1.jdk/Contents/Home/lib/server/libjvm.dylib
0x00007fff7c95e000 	/usr/lib/libstdc++.6.0.9.dylib
0x000000010a8a5000 	/Library/Java/JavaVirtualMachines/jdk-9.0.1.jdk/Contents/Home/lib/libverify.dylib
0x000000010a8b2000 	/Library/Java/JavaVirtualMachines/jdk-9.0.1.jdk/Contents/Home/lib/libjava.dylib
0x000000010a8e8000 	/Library/Java/JavaVirtualMachines/jdk-9.0.1.jdk/Contents/Home/lib/libinstrument.dylib
0x000000010a97d000 	/Library/Java/JavaVirtualMachines/jdk-9.0.1.jdk/Contents/Home/lib/libzip.dylib
0x000000010a985000 	/Library/Java/JavaVirtualMachines/jdk-9.0.1.jdk/Contents/Home/lib/libjimage.dylib
0x000000010a9e7000 	/Library/Java/JavaVirtualMachines/jdk-9.0.1.jdk/Contents/Home/lib/libnio.dylib
0x000000011947d000 	/Library/Java/JavaVirtualMachines/jdk-9.0.1.jdk/Contents/Home/lib/./libnet.dylib
0x0000000119866000 	/Library/Java/JavaVirtualMachines/jdk-9.0.1.jdk/Contents/Home/lib/libsunec.dylib
0x0000000119a02000 	/Library/Java/JavaVirtualMachines/jdk-9.0.1.jdk/Contents/Home/lib/libawt.dylib
0x000000012d986000 	/Library/Java/JavaVirtualMachines/jdk-9.0.1.jdk/Contents/Home/lib/./libmlib_image.dylib
0x00007fff587c2000 	/System/Library/Frameworks/JavaVM.framework/Versions/A/Frameworks/JavaNativeFoundation.framework/Versions/A/JavaNativeFoundation
0x00007fff587cb000 	/System/Library/Frameworks/JavaVM.framework/Versions/A/Frameworks/JavaRuntimeSupport.framework/Versions/A/JavaRuntimeSupport
0x00007fff587d4000 	/System/Library/Frameworks/JavaVM.framework/Versions/A/JavaVM
0x00007fff6f7ac000 	/System/Library/PrivateFrameworks/JavaLaunching.framework/Versions/A/JavaLaunching
0x00007fff53d6d000 	/System/Library/Frameworks/Carbon.framework/Versions/A/Carbon
0x00007fff53d6e000 	/System/Library/Frameworks/Carbon.framework/Versions/A/Frameworks/CommonPanels.framework/Versions/A/CommonPanels
0x00007fff54078000 	/System/Library/Frameworks/Carbon.framework/Versions/A/Frameworks/Help.framework/Versions/A/Help
0x00007fff5407c000 	/System/Library/Frameworks/Carbon.framework/Versions/A/Frameworks/ImageCapture.framework/Versions/A/ImageCapture
0x00007fff54118000 	/System/Library/Frameworks/Carbon.framework/Versions/A/Frameworks/OpenScripting.framework/Versions/A/OpenScripting
0x00007fff54153000 	/System/Library/Frameworks/Carbon.framework/Versions/A/Frameworks/Print.framework/Versions/A/Print
0x00007fff54155000 	/System/Library/Frameworks/Carbon.framework/Versions/A/Frameworks/SecurityHI.framework/Versions/A/SecurityHI
0x000000012d9f4000 	/Library/Java/JavaVirtualMachines/jdk-9.0.1.jdk/Contents/Home/lib/libawt_lwawt.dylib
0x0000000119aa7000 	/Library/Java/JavaVirtualMachines/jdk-9.0.1.jdk/Contents/Home/lib/./libosxapp.dylib
0x00007fff56b61000 	/System/Library/Frameworks/ExceptionHandling.framework/Versions/A/ExceptionHandling
0x000000011988e000 	/Library/Java/JavaVirtualMachines/jdk-9.0.1.jdk/Contents/Home/lib/libjavajpeg.dylib
0x0000000119586000 	/private/var/folders/ds/ysj2tp8531dfjcwh2m2l8_gr0000gn/T/jna-1081824739/jna6198896882498813626.tmp
0x000000012dfd5000 	/usr/local/lib/libtesseract.dylib
0x000000012e4e0000 	/usr/local/opt/leptonica/lib/liblept.5.dylib
0x0000000119900000 	/usr/local/opt/libpng/lib/libpng16.16.dylib
0x000000012e6d4000 	/usr/local/opt/jpeg/lib/libjpeg.9.dylib
0x000000012e707000 	/usr/local/opt/libtiff/lib/libtiff.5.dylib

VM Arguments:
jvm_args: -Djava.library.path=/Users/guohaifang/Documents/jar/Tess4J/lib/win32-x86:/Users/guohaifang/Documents/jar/Tess4J/lib/win32-x86-64 -javaagent:/Applications/IntelliJ IDEA.app/Contents/lib/idea_rt.jar=57824:/Applications/IntelliJ IDEA.app/Contents/bin -Dfile.encoding=UTF-8 
java_command: Main
java_class_path (initial): /Users/guohaifang/IdeaProjects/crawlerdouban/out/production/crawlerdouban:/Users/guohaifang/Documents/jar/jsoup-1.11.3.jar:/Users/guohaifang/Documents/jar/mysql-connector-java-8.0.11.jar:/Users/guohaifang/Documents/jar/lib/commons-logging-1.2.jar:/Users/guohaifang/Documents/jar/lib/commons-codec-1.10.jar:/Users/guohaifang/Documents/jar/lib/httpclient-4.5.5.jar:/Users/guohaifang/Documents/jar/lib/httpcore-4.4.9.jar:/Users/guohaifang/Documents/jar/org.json.jar:/Users/guohaifang/Documents/jar/selenium-server-standalone-3.12.0.jar:/Users/guohaifang/Documents/jar/selenium-java-3.12.0/client-combined-3.12.0.jar:/Users/guohaifang/Documents/jar/Tess4J/lib/commons-beanutils-1.9.2.jar:/Users/guohaifang/Documents/jar/Tess4J/lib/commons-io-2.6.jar:/Users/guohaifang/Documents/jar/Tess4J/lib/commons-logging-1.2.jar:/Users/guohaifang/Documents/jar/Tess4J/lib/fontbox-2.0.9.jar:/Users/guohaifang/Documents/jar/Tess4J/lib/ghost4j-1.0.1.jar:/Users/guohaifang/Documents/jar/Tess4J/lib/hamcrest-core-1.3.jar:/Users/guohaifang/Documents/jar/Tess4J/lib/itext-2.1.7.jar:/Users/guohaifang/Documents/jar/Tess4J/lib/jai-imageio-core-1.4.0.jar:/Users/guohaifang/Documents/jar/Tess4J/lib/jbig2-imageio-3.0.0.jar:/Users/guohaifang/Documents/jar/Tess4J/lib/jboss-vfs-3.2.12.Final.jar:/Users/guohaifang/Documents/jar/Tess4J/lib/jcl-over-slf4j-1.7.25.jar:/Users/guohaifang/Documents/jar/Tess4J/lib/jna-4.1.0.jar:/Users/guohaifang/Documents/jar/Tess4J/lib/jul-to-slf4j-1.7.25.jar:/Users/guohaifang/Documents/jar/Tess4J/lib/junit-4.12.jar:/Users/guohaifang/Documents/jar/Tess4J/lib/lept4j-1.6.4.jar:/Users/guohaifang/Documents/jar/Tess4J/lib/log4j-1.2.17.jar:/Users/guohaifang/Documents/jar/Tess4J/lib/log4j-over-slf4j-1.7.25.jar:/Users/guohaifang/Documents/jar/Tess4J/lib/logback-classic-1.2.3.jar:/Users/guohaifang/Documents/jar/Tess4J/lib/logback-core-1.2.3.jar:/Users/guohaifang/Documents/jar/Tess4J/lib/pdfbox-2.0.9.jar:/Users/guohaifang/Documents/jar/Tess4J/lib/pdfbox-tools-2.0.9.jar:/U
Launcher Type: SUN_STANDARD

Logging:
Log output configuration:
#0: stdout all=warning uptime,level,tags
#1: stderr all=off uptime,level,tags

Environment Variables:
PATH=/usr/local/bin:/usr/bin:/bin:/usr/sbin:/sbin
SHELL=/bin/bash

Signal Handlers:
SIGSEGV: [libjvm.dylib+0x73e2dc], sa_mask[0]=11111111011111110111111111111111, sa_flags=SA_ONSTACK|SA_RESTART|SA_SIGINFO
SIGBUS: [libjvm.dylib+0x73e2dc], sa_mask[0]=11111111011111110111111111111111, sa_flags=SA_RESTART|SA_SIGINFO
SIGFPE: [libjvm.dylib+0x73e2dc], sa_mask[0]=11111111011111110111111111111111, sa_flags=SA_RESTART|SA_SIGINFO
SIGPIPE: [libjvm.dylib+0x5f15ac], sa_mask[0]=11111111011111110111111111111111, sa_flags=SA_RESTART|SA_SIGINFO
SIGXFSZ: [libjvm.dylib+0x5f15ac], sa_mask[0]=11111111011111110111111111111111, sa_flags=SA_RESTART|SA_SIGINFO
SIGILL: [libjvm.dylib+0x73e2dc], sa_mask[0]=11111111011111110111111111111111, sa_flags=SA_RESTART|SA_SIGINFO
SIGUSR2: [libjvm.dylib+0x5f1e3c], sa_mask[0]=00100000000000000000000000000000, sa_flags=SA_RESTART|SA_SIGINFO
SIGHUP: [libjvm.dylib+0x5f0679], sa_mask[0]=11111111011111110111111111111111, sa_flags=SA_RESTART|SA_SIGINFO
SIGINT: [libjvm.dylib+0x5f0679], sa_mask[0]=11111111011111110111111111111111, sa_flags=SA_RESTART|SA_SIGINFO
SIGTERM: [libjvm.dylib+0x5f0679], sa_mask[0]=11111111011111110111111111111111, sa_flags=SA_RESTART|SA_SIGINFO
SIGQUIT: [libjvm.dylib+0x5f0679], sa_mask[0]=11111111011111110111111111111111, sa_flags=SA_RESTART|SA_SIGINFO


---------------  S Y S T E M  ---------------

OS:uname:Darwin 17.5.0 Darwin Kernel Version 17.5.0: Mon Mar  5 22:24:32 PST 2018; root:xnu-4570.51.1~1/RELEASE_X86_64 x86_64
rlimit: STACK 8192k, CORE 0k, NPROC 709, NOFILE 10240, AS infinity
load average:2.15 2.24 2.11

CPU:total 4 (initial active 4) (2 cores per cpu, 2 threads per core) family 6 model 142 stepping 9, cmov, cx8, fxsr, mmx, sse, sse2, sse3, ssse3, sse4.1, sse4.2, popcnt, avx, avx2, aes, clmul, erms, 3dnowpref, lzcnt, ht, tsc, tscinvbit, bmi1, bmi2, adx, fma

Memory: 4k page, physical 8388608k(485868k free)

vm_info: Java HotSpot(TM) 64-Bit Server VM (9.0.1+11) for bsd-amd64 JRE (9.0.1+11), built on Sep 28 2017 03:49:57 by "mach5one" with gcc 4.2.1 Compatible Apple LLVM 6.1.0 (clang-602.0.49)

END.
